Resolved "preview" environment for the build. Learn more: https://docs.expo.dev/eas/environment-variables/#setting-the-environment-for-your-builds
No environment variables with visibility "Plain text" and "Sensitive" found for the "preview" environment on EAS.

‚úĒ Using remote Android credentials (Expo server)
‚úĒ Using Keystore from configuration: Build Credentials MmEyMjtBAB (default)
‚†č Compressing project files‚†ô Compressing project files‚†Ļ Compressing project files‚†ł Compressing project files‚†ľ Compressing project files‚†ī Compressing project files‚†¶ Compressing project files‚†ß Compressing project files‚†á Compressing project files‚†Ź Compressing project files‚†č Compressing project files‚†ô Compressing project files‚†Ļ Compressing project files‚†ł Compressing project files‚†ľ Compressing project files‚†ī Compressing project files‚†¶ Compressing project files‚†ß Compressing project files‚†á Compressing project files‚†Ź Compressing project files‚†č Compressing project files‚†ô Compressing project files‚†Ļ Compressing project files‚†ł Compressing project files‚†ľ Compressing project files‚†ī Compressing project files‚†¶ Compressing project files‚†ß Compressing project files‚†á Compressing project files‚†Ź Compressing project files‚†č Compressing project files‚†ô Compressing project files‚†Ļ Compressing project files‚†ł Compressing project files‚†ľ Compressing project files‚†ī Compressing project files‚†¶ Compressing project files‚†ß Compressing project files‚†á Compressing project files‚†Ź Compressing project files‚†č Compressing project files‚†ô Compressing project files‚†Ļ Compressing project files‚†ł Compressing project files‚†ľ Compressing project files‚†ī Compressing project files‚†¶ Compressing project files‚†ß Compressing project files‚†á Compressing project files‚†Ź Compressing project files‚†č Compressing project files‚†ô Compressing project files‚†Ļ Compressing project files‚†ł Compressing project files‚†ľ Compressing project files‚†ī Compressing project files‚†¶ Compressing project files‚†ß Compressing project files‚†á Compressing project files‚†Ź Compressing project files‚†č Compressing project files‚†ô Compressing project files‚†Ļ Compressing project files‚†ł Compressing project files‚†ľ Compressing project files‚†ī Compressing project files‚†¶ Compressing project files‚†ß Compressing project files‚†á Compressing project files‚†Ź Compressing project files‚†č Compressing project files‚†ô Compressing project files‚†Ļ Compressing project files‚†ł Compressing project files‚†ľ Compressing project files‚†ī Compressing project files‚†¶ Compressing project files‚†ß Compressing project files‚†á Compressing project files‚†Ź Compressing project files‚†č Compressing project files‚†ô Compressing project files‚†Ļ Compressing project files‚†ł Compressing project files‚†ľ Compressing project files‚†ī Compressing project files‚†¶ Compressing project files‚†ß Compressing project files‚†á Compressing project files‚†Ź Compressing project files‚†č Compressing project files‚†ô Compressing project files‚†Ļ Compressing project files‚†ł Compressing project files‚†ľ Compressing project files‚†ī Compressing project files‚†¶ Compressing project files‚†ß Compressing project files‚†á Compressing project files‚†Ź Compressing project files‚†č Compressing project files‚†ô Compressing project files‚†Ļ Compressing project files‚†ł Compressing project files‚†ľ Compressing project files‚†ī Compressing project files‚†¶ Compressing project files‚†ß Compressing project files‚†á Compressing project files‚†Ź Compressing project files‚†č Compressing project files‚†ô Compressing project files‚†Ļ Compressing project files‚†ł Compressing project files‚†ľ Compressing project files‚†ī Compressing project files‚†¶ Compressing project files‚†ß Compressing project files‚†á Compressing project files‚†Ź Compressing project files‚†č Compressing project files‚†ô Compressing project files‚†Ļ Compressing project files‚†ł Compressing project files‚†ľ Compressing project files‚†ī Compressing project files‚†¶ Compressing project files‚†ß Compressing project files‚†á Compressing project files‚†Ź Compressing project files‚†č Compressing project files‚†ô Compressing project files‚†Ļ Compressing project files‚†ł Compressing project files‚†ľ Compressing project files‚†ī Compressing project files‚†¶ Compressing project files‚†ß Compressing project files‚†á Compressing project files‚†Ź Compressing project files‚†č Compressing project files‚†ô Compressing project files‚†Ļ Compressing project files‚†ł Compressing project files‚†ľ Compressing project files‚†ī Compressing project files‚†¶ Compressing project files‚†ß Compressing project files‚†á Compressing project files‚†Ź Compressing project files‚†č Compressing project files‚†ô Compressing project files‚†Ļ Compressing project files‚†ł Compressing project files‚†ľ Compressing project files‚†ī Compressing project files‚†¶ Compressing project files‚†ß Compressing project files‚†á Compressing project files‚†Ź Compressing project files‚†č Compressing project files‚†ô Compressing project files‚†Ļ Compressing project files‚†ł Compressing project files‚†ľ Compressing project files‚†ī Compressing project files‚†¶ Compressing project files‚†ß Compressing project files‚†á Compressing project files‚†Ź Compressing project files‚úĒ Compressed project files 16s (72.6 MB)
‚†č Computing project fingerprint‚†ô Computing project fingerprint‚†Ļ Computing project fingerprint‚†ł Computing project fingerprint‚†ľ Computing project fingerprint‚†ī Computing project fingerprint‚†¶ Computing project fingerprint‚†ß Computing project fingerprint‚†á Computing project fingerprint‚†Ź Computing project fingerprint‚†č Computing project fingerprint‚†ô Computing project fingerprint‚†Ļ Computing project fingerprint‚†ł Computing project fingerprint‚†ľ Computing project fingerprint‚†ī Computing project fingerprint‚†¶ Computing project fingerprint‚†ß Computing project fingerprint‚†á Computing project fingerprint‚†Ź Computing project fingerprint‚†č Computing project fingerprint‚†ô Computing project fingerprint‚†Ļ Computing project fingerprint‚†ł Computing project fingerprint‚†ľ Computing project fingerprint‚†ī Computing project fingerprint‚†¶ Computing project fingerprint‚†ß Computing project fingerprint‚†á Computing project fingerprint‚†Ź Computing project fingerprint‚†č Computing project fingerprint‚†ô Computing project fingerprint‚†Ļ Computing project fingerprint‚†ł Computing project fingerprint‚†ľ Computing project fingerprint‚ĆõÔłŹ Computing the project fingerprint is taking longer than expected...
‚†č Computing project fingerprint‚Ź© To skip this step, set the environment variable: EAS_SKIP_AUTO_FINGERPRINT=1
‚†č Computing project fingerprint‚†ô Computing project fingerprint‚†Ļ Computing project fingerprint‚†ł Computing project fingerprint‚†ľ Computing project fingerprint‚†ī Computing project fingerprint‚†¶ Computing project fingerprint‚†ß Computing project fingerprint‚†á Computing project fingerprint‚†Ź Computing project fingerprint‚†č Computing project fingerprint‚†ô Computing project fingerprint‚†Ļ Computing project fingerprint‚†ł Computing project fingerprint‚†ľ Computing project fingerprint‚†ī Computing project fingerprint‚†¶ Computing project fingerprint‚†ß Computing project fingerprint‚†á Computing project fingerprint‚†Ź Computing project fingerprint‚†č Computing project fingerprint‚†ô Computing project fingerprint‚†Ļ Computing project fingerprint‚†ł Computing project fingerprint‚†ľ Computing project fingerprint‚†ī Computing project fingerprint‚†¶ Computing project fingerprint‚†ß Computing project fingerprint‚†á Computing project fingerprint‚†Ź Computing project fingerprint‚†č Computing project fingerprint‚†ô Computing project fingerprint‚†Ļ Computing project fingerprint‚†ł Computing project fingerprint‚†ľ Computing project fingerprint‚†ī Computing project fingerprint‚†¶ Computing project fingerprint‚†ß Computing project fingerprint‚†á Computing project fingerprint‚†Ź Computing project fingerprint‚†č Computing project fingerprint‚†ô Computing project fingerprint‚†Ļ Computing project fingerprint‚†ł Computing project fingerprint‚†ľ Computing project fingerprint‚†ī Computing project fingerprint‚†¶ Computing project fingerprint‚†ß Computing project fingerprint‚†á Computing project fingerprint‚†Ź Computing project fingerprint‚†č Computing project fingerprint‚†ô Computing project fingerprint‚†Ļ Computing project fingerprint‚†ł Computing project fingerprint‚†ľ Computing project fingerprint‚†ī Computing project fingerprint‚†¶ Computing project fingerprint‚†ß Computing project fingerprint‚†á Computing project fingerprint‚†Ź Computing project fingerprint‚†č Computing project fingerprint‚†ô Computing project fingerprint‚†Ļ Computing project fingerprint‚†ł Computing project fingerprint‚†ľ Computing project fingerprint‚†ī Computing project fingerprint‚†¶ Computing project fingerprint‚†ß Computing project fingerprint‚†á Computing project fingerprint‚†Ź Computing project fingerprint‚†č Computing project fingerprint‚†ô Computing project fingerprint‚†Ļ Computing project fingerprint‚†ł Computing project fingerprint‚†ľ Computing project fingerprint‚†ī Computing project fingerprint‚úĒ Computed project fingerprint
ANDROID_NDK_HOME environment variable was not specified, continuing build without NDK
[SETUP_WORKINGDIR] Preparing workingdir /tmp/rnjsgur1215/eas-build-local-nodejs/c077a6b8-ea7b-490c-ae26-0b9b6b5bd2df
[START_BUILD] Starting build
  "job": {
    "type": "managed",
    "platform": "android",
    "projectRootDirectory": ".",
    "projectArchive": {
      "type": "PATH",
      "path": "/tmp/rnjsgur1215/eas-cli-nodejs/615bb018-8528-4eb9-9792-9233b37a0495.tar.gz"
    },
    "builderEnvironment": {
      "env": {}
    },
    "cache": {
      "disabled": false,
      "paths": [],
      "clear": false
    },
    "updates": {},
    "buildType": "apk",
    "username": "kwonhyeok",
    "version": {
      "versionCode": "2"
    },
    "experimental": {},
    "mode": "build",
    "triggeredBy": "EAS_CLI",
    "appId": "08f29fdf-dd9f-49f9-ae32-fd713de175ff",
    "initiatingUserId": "927643a5-540d-4c3c-ac22-86719fe8280d"
  }
Local build, skipping project archive refresh
[READ_EAS_JSON] Using eas.json:
[READ_EAS_JSON] {
  "cli": {
    "version": ">= 18.0.1",
    "appVersionSource": "remote"
  },
  "build": {
    "development": {
      "developmentClient": true,
      "distribution": "internal"
    },
    "preview": {
      "distribution": "internal"
    },
    "production": {
      "autoIncrement": true
    }
  },
  "submit": {
    "production": {}
  }
}

[READ_PACKAGE_JSON] Using package.json:
[READ_PACKAGE_JSON] {
  "name": "mediclens",
  "version": "1.0.0",
  "main": "index.js",
  "scripts": {
    "start": "expo start",
    "android": "expo run:android",
    "ios": "expo run:ios",
    "web": "expo start --web"
  },
  "dependencies": {
    "@react-native-async-storage/async-storage": "^2.2.0",
    "@react-native-community/datetimepicker": "8.4.4",
    "axios": "^1.13.5",
    "crypto-js": "^4.2.0",
    "expo": "~54.0.32",
    "expo-av": "~16.0.8",
    "expo-camera": "~17.0.10",
    "expo-crypto": "~15.0.8",
    "expo-device": "~8.0.10",
    "expo-haptics": "~15.0.8",
    "expo-linear-gradient": "~15.0.8",
    "expo-location": "~19.0.8",
    "expo-notifications": "~0.32.16",
    "expo-secure-store": "~15.0.8",
    "expo-speech": "~14.0.8",
    "expo-status-bar": "~3.0.9",
    "react": "19.1.0",
    "react-native": "0.81.5",
    "react-native-get-random-values": "~1.11.0"
  },
  "private": true,
  "devDependencies": {
    "@types/react": "~19.1.10",
    "typescript": "~5.9.2"
  }
}
[INSTALL_DEPENDENCIES] Running "npm ci --include=dev" in /tmp/rnjsgur1215/eas-build-local-nodejs/c077a6b8-ea7b-490c-ae26-0b9b6b5bd2df/build directory
[INSTALL_DEPENDENCIES] npm warn deprecated inflight@1.0.6: This module is not supported, and leaks memory. Do not use it. Check out lru-cache if you want a good and tested way to coalesce async requests by a key value, which is much more comprehensive and powerful.
[INSTALL_DEPENDENCIES] npm warn deprecated rimraf@3.0.2: Rimraf versions prior to v4 are no longer supported
[INSTALL_DEPENDENCIES] npm warn deprecated glob@7.2.3: Old versions of glob are not supported, and contain widely publicized security vulnerabilities, which have been fixed in the current version. Please update. Support for old versions may be purchased (at exorbitant rates) by contacting i@izs.me
[INSTALL_DEPENDENCIES] npm warn deprecated glob@7.2.3: Old versions of glob are not supported, and contain widely publicized security vulnerabilities, which have been fixed in the current version. Please update. Support for old versions may be purchased (at exorbitant rates) by contacting i@izs.me
[INSTALL_DEPENDENCIES] npm warn deprecated glob@7.2.3: Old versions of glob are not supported, and contain widely publicized security vulnerabilities, which have been fixed in the current version. Please update. Support for old versions may be purchased (at exorbitant rates) by contacting i@izs.me
[INSTALL_DEPENDENCIES] npm warn deprecated glob@7.2.3: Old versions of glob are not supported, and contain widely publicized security vulnerabilities, which have been fixed in the current version. Please update. Support for old versions may be purchased (at exorbitant rates) by contacting i@izs.me
[INSTALL_DEPENDENCIES] added 755 packages, and audited 756 packages in 20s
[INSTALL_DEPENDENCIES] 77 packages are looking for funding
[INSTALL_DEPENDENCIES]   run `npm fund` for details
[INSTALL_DEPENDENCIES] found 0 vulnerabilities
The NODE_ENV environment variable is required but was not specified. Ensure the project is bundled with Expo CLI or NODE_ENV is set.
Proceeding without mode-specific .env
[READ_APP_CONFIG] Using app configuration:
[READ_APP_CONFIG] {
  "name": "MedicLens",
  "slug": "MedicLens",
  "version": "1.0.0",
  "orientation": "portrait",
  "icon": "./assets/icon.png",
  "userInterfaceStyle": "light",
  "newArchEnabled": true,
  "plugins": [
    [
      "expo-camera",
      {
        "cameraPermission": "MedicLensžóźžĄú žī¨žėĀžĚĄ žúĄŪēī žĻīŽ©ĒŽĚľ ž†ĎÍ∑ľžĚī ŪēĄžöĒŪē©ŽčąŽč§.",
        "microphonePermission": "žėĀžÉĀ ŽÖĻŪôĒŽ•ľ žúĄŪēī ŽßąžĚīŪĀ¨ ž†ĎÍ∑ľžĚī ŪēĄžöĒŪē©ŽčąŽč§.",
        "recordAudioAndroid": true
      }
    ],
    "expo-secure-store",
    "@react-native-community/datetimepicker"
  ],
  "splash": {
    "image": "./assets/splash-icon.png",
    "resizeMode": "contain",
    "backgroundColor": "#ffffff"
  },
  "ios": {
    "supportsTablet": true,
    "NSLocationWhenInUseUsageDescription": "Žāī ž£ľŽ≥Ä ŽčĻŽ≤ąžēĹÍĶ≠žĚĄ žįĺÍłį žúĄŪēī žúĄžĻėŽ•ľ žā¨žö©Ūē©ŽčąŽč§."
  },
  "android": {
    "adaptiveIcon": {
      "foregroundImage": "./assets/adaptive-icon.png",
      "backgroundColor": "#ffffff"
    },
    "edgeToEdgeEnabled": true,
    "package": "com.anonymous.MedicLens",
    "permissions": [
      "ACCESS_FINE_LOCATION",
      "android.permission.CAMERA",
      "android.permission.RECORD_AUDIO"
    ],
    "locationPermission": "ž£ľŽ≥Ä žēĹÍĶ≠ Í≤ÄžÉČžĚĄ žúĄŪēī žúĄžĻė ž†ēŽ≥īŽ•ľ žā¨žö©Ūē©ŽčąŽč§."
  },
  "web": {
    "favicon": "./assets/favicon.png"
  },
  "extra": {
    "eas": {
      "projectId": "08f29fdf-dd9f-49f9-ae32-fd713de175ff"
    }
  },
  "sdkVersion": "54.0.0",
  "platforms": [
    "ios",
    "android"
  ]
}
[RUN_EXPO_DOCTOR] Running "expo doctor"
[RUN_EXPO_DOCTOR] Running 17 checks on your project...
[RUN_EXPO_DOCTOR] 16/17 checks passed. 1 checks failed. Possible issues detected:
[RUN_EXPO_DOCTOR] Use the --verbose flag to see more details about passed checks.
[RUN_EXPO_DOCTOR] 
[RUN_EXPO_DOCTOR] ‚úĖ Check Expo config (app.json/ app.config.js) schema
[RUN_EXPO_DOCTOR] Errors validating fields in /tmp/rnjsgur1215/eas-build-local-nodejs/c077a6b8-ea7b-490c-ae26-0b9b6b5bd2df/build/app.json:
[RUN_EXPO_DOCTOR]  Field: ios - should NOT have additional property 'NSLocationWhenInUseUsageDescription'.
[RUN_EXPO_DOCTOR]  Field: android - should NOT have additional property 'locationPermission'.
[RUN_EXPO_DOCTOR] Advice:
[RUN_EXPO_DOCTOR] Resolve schema errors in your app config. Learn more: https://docs.expo.dev/workflow/configuration/
[RUN_EXPO_DOCTOR] 1 check failed, indicating possible issues with the project.
[RUN_EXPO_DOCTOR] Command "expo doctor" failed.
Error: npx -y expo-doctor exited with non-zero code: 1
    at ChildProcess.completionListener (/home/rnjsgur1215/.npm/_npx/9dcdd6ab8c3634c3/node_modules/@expo/spawn-async/build/spawnAsync.js:42:23)
    at Object.onceWrapper (node:events:639:26)
    at ChildProcess.emit (node:events:524:28)
    at maybeClose (node:internal/child_process:1104:16)
    at ChildProcess._handle.onexit (node:internal/child_process:304:5)
    ...
    at spawnAsync (/home/rnjsgur1215/.npm/_npx/9dcdd6ab8c3634c3/node_modules/@expo/spawn-async/build/spawnAsync.js:7:23)
    at spawn (/home/rnjsgur1215/.npm/_npx/9dcdd6ab8c3634c3/node_modules/@expo/turtle-spawn/dist/index.js:16:47)
    at runExpoDoctor (/home/rnjsgur1215/.npm/_npx/9dcdd6ab8c3634c3/node_modules/@expo/build-tools/dist/common/setup.js:143:52)
    at process.processTicksAndRejections (node:internal/process/task_queues:95:5)
    at async /home/rnjsgur1215/.npm/_npx/9dcdd6ab8c3634c3/node_modules/@expo/build-tools/dist/common/setup.js:122:17
    at async BuildContext.runBuildPhase (/home/rnjsgur1215/.npm/_npx/9dcdd6ab8c3634c3/node_modules/@expo/build-tools/dist/context.js:123:28)
    at async setupAsync (/home/rnjsgur1215/.npm/_npx/9dcdd6ab8c3634c3/node_modules/@expo/build-tools/dist/common/setup.js:120:9)
    at async buildAsync (/home/rnjsgur1215/.npm/_npx/9dcdd6ab8c3634c3/node_modules/@expo/build-tools/dist/builders/android.js:41:5)
    at async runBuilderWithHooksAsync (/home/rnjsgur1215/.npm/_npx/9dcdd6ab8c3634c3/node_modules/@expo/build-tools/dist/builders/common.js:12:13)
    at async Object.androidBuilder (/home/rnjsgur1215/.npm/_npx/9dcdd6ab8c3634c3/node_modules/@expo/build-tools/dist/builders/android.js:28:16)
[PREBUILD] - Creating native directory (./android)
[PREBUILD] ‚úĒ Created native directory
[PREBUILD] - Updating package.json
[PREBUILD] ‚úĒ Updated package.json | no changes
[PREBUILD] - Running prebuild
[PREBUILD] ¬Ľ android: userInterfaceStyle: Install expo-system-ui in your project to enable this feature.
[PREBUILD] - Running prebuild
[PREBUILD] ‚úĒ Finished prebuild
[PREBUILD] Running "npm install" in /tmp/rnjsgur1215/eas-build-local-nodejs/c077a6b8-ea7b-490c-ae26-0b9b6b5bd2df/build directory
[PREBUILD] up to date, audited 756 packages in 2s
[PREBUILD] 77 packages are looking for funding
[PREBUILD]   run `npm fund` for details
[PREBUILD] found 0 vulnerabilities
[RESTORE_CACHE] Local builds do not support restoring cache
[PREPARE_CREDENTIALS] Writing secrets to the project's directory
[PREPARE_CREDENTIALS] Injecting signing config into build.gradle
[EAGER_BUNDLE] Starting Metro Bundler
[EAGER_BUNDLE] Android Bundled 1135ms index.js (768 modules)
[EAGER_BUNDLE] Writing bundle output to: /tmp/vyqh262hwv/index.js
[EAGER_BUNDLE] Done writing bundle output
[RUN_GRADLEW] Running 'gradlew :app:assembleRelease' in /tmp/rnjsgur1215/eas-build-local-nodejs/c077a6b8-ea7b-490c-ae26-0b9b6b5bd2df/build/android
[RUN_GRADLEW] Downloading https://services.gradle.org/distributions/gradle-8.14.3-bin.zip
[RUN_GRADLEW] 10%.
[RUN_GRADLEW] 20%.
[RUN_GRADLEW] 30%.
[RUN_GRADLEW] 40%.
[RUN_GRADLEW] 50%.
[RUN_GRADLEW] 60%.
[RUN_GRADLEW] 70
[RUN_GRADLEW] %.
[RUN_GRADLEW] 80%.
[RUN_GRADLEW] 90%.
[RUN_GRADLEW] 100%
[RUN_GRADLEW] Welcome to Gradle 8.14.3!
[RUN_GRADLEW] Here are the highlights of this release:
[RUN_GRADLEW]  - Java 24 support
[RUN_GRADLEW] - GraalVM Native Image toolchain selection
[RUN_GRADLEW] - Enhancements to test reporting
[RUN_GRADLEW]  - Build Authoring improvements
[RUN_GRADLEW] For more details see https://docs.gradle.org/8.14.3/release-notes.html
[RUN_GRADLEW] Starting a Gradle Daemon (subsequent builds will be faster)
[RUN_GRADLEW] > Configure project :expo-gradle-plugin:expo-autolinking-plugin
[RUN_GRADLEW] w: file:///tmp/rnjsgur1215/eas-build-local-nodejs/c077a6b8-ea7b-490c-ae26-0b9b6b5bd2df/build/node_modules/expo-modules-autolinking/android/expo-gradle-plugin/expo-autolinking-plugin/build.gradle.kts:25:3: 'kotlinOptions(KotlinJvmOptionsDeprecated /* = KotlinJvmOptions */.() -> Unit): Unit' is deprecated. Please migrate to the compilerOptions DSL. More details are here: https://kotl.in/u1r8ln
[RUN_GRADLEW] > Configure project :expo-gradle-plugin:expo-autolinking-settings-plugin
[RUN_GRADLEW] w: file:///tmp/rnjsgur1215/eas-build-local-nodejs/c077a6b8-ea7b-490c-ae26-0b9b6b5bd2df/build/node_modules/expo-modules-autolinking/android/expo-gradle-plugin/expo-autolinking-settings-plugin/build.gradle.kts:30:3: 'kotlinOptions(KotlinJvmOptionsDeprecated /* = KotlinJvmOptions */.() -> Unit): Unit' is deprecated. Please migrate to the compilerOptions DSL. More details are here: https://kotl.in/u1r8ln
[RUN_GRADLEW] > Task :gradle-plugin:settings-plugin:checkKotlinGradlePluginConfigurationErrors
[RUN_GRADLEW] SKIPPED
[RUN_GRADLEW] > Task :expo-gradle-plugin:expo-autolinking-plugin-shared:checkKotlinGradlePluginConfigurationErrors SKIPPED
[RUN_GRADLEW] > Task :expo-gradle-plugin:expo-autolinking-settings-plugin:checkKotlinGradlePluginConfigurationErrors
[RUN_GRADLEW] SKIPPED
[RUN_GRADLEW] > Task :gradle-plugin:shared:checkKotlinGradlePluginConfigurationErrors SKIPPED
[RUN_GRADLEW] > Task :gradle-plugin:settings-plugin:pluginDescriptors
[RUN_GRADLEW] > Task :expo-gradle-plugin:expo-autolinking-settings-plugin:pluginDescriptors
[RUN_GRADLEW] > Task :gradle-plugin:settings-plugin:processResources
[RUN_GRADLEW] > Task :expo-gradle-plugin:expo-autolinking-settings-plugin:processResources
[RUN_GRADLEW] > Task :gradle-plugin:shared:compileKotlin
[RUN_GRADLEW] > Task :expo-gradle-plugin:expo-autolinking-plugin-shared:compileKotlin
